  Tiro.cpp
  main.cpp
c:\users\ari\documents\visual studio 2015\projects\spaceinvaders_opengl\spaceinvaders_opengl\spaceinvaders_opengl\inimigo.h(22): warning C4244: 'argument': conversion from 'double' to 'GLfloat', possible loss of data
c:\users\ari\documents\visual studio 2015\projects\spaceinvaders_opengl\spaceinvaders_opengl\spaceinvaders_opengl\inimigo.h(23): warning C4244: 'argument': conversion from 'double' to 'GLfloat', possible loss of data
c:\users\ari\documents\visual studio 2015\projects\spaceinvaders_opengl\spaceinvaders_opengl\spaceinvaders_opengl\inimigo.h(24): warning C4244: 'argument': conversion from 'double' to 'GLfloat', possible loss of data
c:\users\ari\documents\visual studio 2015\projects\spaceinvaders_opengl\spaceinvaders_opengl\spaceinvaders_opengl\inimigo.h(25): warning C4244: 'argument': conversion from 'double' to 'GLfloat', possible loss of data
c:\users\ari\documents\visual studio 2015\projects\spaceinvaders_opengl\spaceinvaders_opengl\spaceinvaders_opengl\jogador.h(21): warning C4244: 'argument': conversion from 'double' to 'GLfloat', possible loss of data
c:\users\ari\documents\visual studio 2015\projects\spaceinvaders_opengl\spaceinvaders_opengl\spaceinvaders_opengl\jogador.h(22): warning C4244: 'argument': conversion from 'double' to 'GLfloat', possible loss of data
c:\users\ari\documents\visual studio 2015\projects\spaceinvaders_opengl\spaceinvaders_opengl\spaceinvaders_opengl\jogador.h(23): warning C4244: 'argument': conversion from 'double' to 'GLfloat', possible loss of data
c:\users\ari\documents\visual studio 2015\projects\spaceinvaders_opengl\spaceinvaders_opengl\spaceinvaders_opengl\jogador.h(24): warning C4244: 'argument': conversion from 'double' to 'GLfloat', possible loss of data
  Inimigo.cpp
c:\users\ari\documents\visual studio 2015\projects\spaceinvaders_opengl\spaceinvaders_opengl\spaceinvaders_opengl\inimigo.h(22): warning C4244: 'argument': conversion from 'double' to 'GLfloat', possible loss of data
c:\users\ari\documents\visual studio 2015\projects\spaceinvaders_opengl\spaceinvaders_opengl\spaceinvaders_opengl\inimigo.h(23): warning C4244: 'argument': conversion from 'double' to 'GLfloat', possible loss of data
c:\users\ari\documents\visual studio 2015\projects\spaceinvaders_opengl\spaceinvaders_opengl\spaceinvaders_opengl\inimigo.h(24): warning C4244: 'argument': conversion from 'double' to 'GLfloat', possible loss of data
c:\users\ari\documents\visual studio 2015\projects\spaceinvaders_opengl\spaceinvaders_opengl\spaceinvaders_opengl\inimigo.h(25): warning C4244: 'argument': conversion from 'double' to 'GLfloat', possible loss of data
  Generating Code...
  Skipping... (no relevant changes detected)
  Jogador.cpp
  SpaceInvaders_OpenGL.vcxproj -> C:\Users\ARI\Documents\Visual Studio 2015\Projects\SpaceInvaders_OpenGL\SpaceInvaders_OpenGL\x64\Debug\SpaceInvaders_OpenGL.exe
C:\Users\ARI\Documents\Visual Studio 2015\Projects\SpaceInvaders_OpenGL\SpaceInvaders_OpenGL\packages\nupengl.core.redist.0.1.0.1\build\native\nupengl.core.redist.targets(83,5): error MSB3030: Could not copy the file "C:\Users\ARI\Documents\Visual Studio 2015\Projects\SpaceInvaders_OpenGL\SpaceInvaders_OpenGL\packages\nupengl.core.redist.0.1.0.1\build\native\../..//build/native/bin/x64\freeglut.dll" because it was not found.
